<?xml version="1.0" encoding="UTF-8"?>
<!-- Generated by org.testng.reporters.JUnitReportReporter -->
<testsuite hostname="LAPTOP-085J8J9J" failures="0" tests="2" name="tests.Login_Test" time="6.099" errors="0" timestamp="1 Jan 2021 00:09:40 GMT">
  <testcase classname="tests.Login_Test" name="crossBrowserTesting" time="2.769"/>
  <testcase classname="tests.Login_Test" name="crossBrowserTesting" time="3.330"/>
</testsuite> <!-- tests.Login_Test -->
