<?xml version="1.0" encoding="UTF-8"?>
<!-- Generated by org.testng.reporters.JUnitReportReporter -->
<testsuite hostname="LAPTOP-085J8J9J" failures="0" tests="2" name="tests.Demo_Test" time="3.303" errors="0" timestamp="31 Dec 2020 22:52:13 GMT">
  <testcase classname="tests.Demo_Test" name="demoHeading" time="1.717"/>
  <testcase classname="tests.Demo_Test" name="demoHeading" time="1.586"/>
</testsuite> <!-- tests.Demo_Test -->
